{
  "stats": {
    "suites": 1,
    "tests": 4,
    "passes": 4,
    "pending": 0,
    "failures": 0,
    "start": "2021-05-07T13:26:36.128Z",
    "end": "2021-05-07T13:26:39.596Z",
    "duration": 3468,
    "testsRegistered": 4,
    "passPercent": 100,
    "pendingPercent": 0,
    "other": 0,
    "hasOther": false,
    "skipped": 0,
    "hasSkipped": false
  },
  "results": [
    {
      "uuid": "ae08d5d9-d593-4077-afca-b29f40a1ec7c",
      "title": "",
      "fullFile": "cypress/integration/backend-auth.spec.js",
      "file": "cypress/integration/backend-auth.spec.js",
      "beforeHooks": [],
      "afterHooks": [],
      "tests": [],
      "suites": [
        {
          "uuid": "7a8e09a9-a9da-4b98-b0cf-a1ee2acad1ea",
          "title": "Testing suite",
          "fullFile": "",
          "file": "",
          "beforeHooks": [],
          "afterHooks": [],
          "tests": [
            {
              "title": "#1 - Fetch clients",
              "fullTitle": "Testing suite #1 - Fetch clients",
              "timedOut": null,
              "duration": 618,
              "state": "passed",
              "speed": "slow",
              "pass": true,
              "fail": false,
              "pending": false,
              "context": null,
              "code": "clientHelper.fetchClients(cy);\ncy.logoutSession(cy);",
              "err": {},
              "uuid": "369aace5-ae28-4463-b479-7b8dd27249c4",
              "parentUUID": "7a8e09a9-a9da-4b98-b0cf-a1ee2acad1ea",
              "isHook": false,
              "skipped": false
            },
            {
              "title": "#2 - Create new client",
              "fullTitle": "Testing suite #2 - Create new client",
              "timedOut": null,
              "duration": 573,
              "state": "passed",
              "speed": "slow",
              "pass": true,
              "fail": false,
              "pending": false,
              "context": null,
              "code": "clientHelper.createNewClient(cy, \"TestName\", \"TesterEmail@test.com\", \"123 123 123\");\ncy.logoutSession(cy);",
              "err": {},
              "uuid": "a0ff295d-ef6f-43d5-9cbc-fb554f6fa5ef",
              "parentUUID": "7a8e09a9-a9da-4b98-b0cf-a1ee2acad1ea",
              "isHook": false,
              "skipped": false
            },
            {
              "title": "#3 - Edit existing client",
              "fullTitle": "Testing suite #3 - Edit existing client",
              "timedOut": null,
              "duration": 1099,
              "state": "passed",
              "speed": "slow",
              "pass": true,
              "fail": false,
              "pending": false,
              "context": null,
              "code": "clientHelper.createNewClient(cy, \"EditTestName\", \"EditTesterEmail@test.com\", \"1337 1337\");\nclientHelper.editClient(cy);\ncy.logoutSession(cy);",
              "err": {},
              "uuid": "75fcdb4a-f95a-478a-ac19-ebbc08115230",
              "parentUUID": "7a8e09a9-a9da-4b98-b0cf-a1ee2acad1ea",
              "isHook": false,
              "skipped": false
            },
            {
              "title": "#4 - Delete existing client",
              "fullTitle": "Testing suite #4 - Delete existing client",
              "timedOut": null,
              "duration": 1114,
              "state": "passed",
              "speed": "slow",
              "pass": true,
              "fail": false,
              "pending": false,
              "context": null,
              "code": "clientHelper.createNewClient(cy, \"DeleteTestName\", \"DeleteTesterEmail@test.com\", \"444 555 666\");\nclientHelper.deleteLastClient(cy);\ncy.logoutSession(cy);",
              "err": {},
              "uuid": "784a1919-2bbb-4a0e-95e9-98e03c0dfaa1",
              "parentUUID": "7a8e09a9-a9da-4b98-b0cf-a1ee2acad1ea",
              "isHook": false,
              "skipped": false
            }
          ],
          "suites": [],
          "passes": [
            "369aace5-ae28-4463-b479-7b8dd27249c4",
            "a0ff295d-ef6f-43d5-9cbc-fb554f6fa5ef",
            "75fcdb4a-f95a-478a-ac19-ebbc08115230",
            "784a1919-2bbb-4a0e-95e9-98e03c0dfaa1"
          ],
          "failures": [],
          "pending": [],
          "skipped": [],
          "duration": 3404,
          "root": false,
          "rootEmpty": false,
          "_timeout": 2000
        }
      ],
      "passes": [],
      "failures": [],
      "pending": [],
      "skipped": [],
      "duration": 0,
      "root": true,
      "rootEmpty": true,
      "_timeout": 2000
    }
  ],
  "meta": {
    "mocha": {
      "version": "7.0.1"
    },
    "mochawesome": {
      "options": {
        "quiet": false,
        "reportFilename": "mochawesome",
        "saveHtml": true,
        "saveJson": true,
        "consoleReporter": "spec",
        "useInlineDiffs": false,
        "code": true
      },
      "version": "6.2.2"
    },
    "marge": {
      "options": null,
      "version": "5.2.0"
    }
  }
}